<?xml version="1.0" encoding="UTF-8"?>
<!-- Generated by org.testng.reporters.JUnitReportReporter -->
<testsuite hostname="mm-PC" name="com.automation.pagescripts.ForgotAccPageScript" tests="1" failures="0" timestamp="6 Aug 2019 10:10:43 GMT" time="19.563" errors="0">
  <testcase name="ForgotCredentials" time="19.563" classname="com.automation.pagescripts.ForgotAccPageScript"/>
</testsuite> <!-- com.automation.pagescripts.ForgotAccPageScript -->
