<?xml version="1.0" encoding="UTF-8"?>
<!-- Generated by org.testng.reporters.JUnitReportReporter -->
<testsuite hostname="mm-PC" name="com.automation.pagescripts.CreateAccPageScript" tests="2" failures="0" timestamp="7 Aug 2019 14:54:32 GMT" time="2.396" errors="0">
  <testcase name="createAccCredentials" time="1.428" classname="com.automation.pagescripts.CreateAccPageScript"/>
  <testcase name="birthdayCreadentials" time="0.968" classname="com.automation.pagescripts.CreateAccPageScript"/>
</testsuite> <!-- com.automation.pagescripts.CreateAccPageScript -->
