<?xml version="1.0" encoding="UTF-8"?>
<!-- Generated by org.testng.reporters.JUnitReportReporter -->
<testsuite hostname="mm-PC" name="com.automation.pagescripts.LoginLogoutPageScript" tests="1" failures="0" timestamp="6 Aug 2019 08:59:10 GMT" time="4.136" errors="0">
  <testcase name="LogInLogoutInValidCredentials" time="4.136" classname="com.automation.pagescripts.LoginLogoutPageScript"/>
</testsuite> <!-- com.automation.pagescripts.LoginLogoutPageScript -->
